<html>
<head>
<title>TestNG:  2.0AppCases</title>
<link href="../testng.css" rel="stylesheet" type="text/css" />
<link href="../my-testng.css" rel="stylesheet" type="text/css" />

<style type="text/css">
.log { display: none;} 
.stack-trace { display: none;} 
</style>
<script type="text/javascript">
<!--
function flip(e) {
  current = e.style.display;
  if (current == 'block') {
    e.style.display = 'none';
    return 0;
  }
  else {
    e.style.display = 'block';
    return 1;
  }
}

function toggleBox(szDivId, elem, msg1, msg2)
{
  var res = -1;  if (document.getElementById) {
    res = flip(document.getElementById(szDivId));
  }
  else if (document.all) {
    // this is the way old msie versions work
    res = flip(document.all[szDivId]);
  }
  if(elem) {
    if(res == 0) elem.innerHTML = msg1; else elem.innerHTML = msg2;
  }

}

function toggleAllBoxes() {
  if (document.getElementsByTagName) {
    d = document.getElementsByTagName('div');
    for (i = 0; i < d.length; i++) {
      if (d[i].className == 'log') {
        flip(d[i]);
      }
    }
  }
}

// -->
</script>

</head>
<body>
<h2 align='center'>2.0AppCases</h2><table border='1' align="center">
<tr>
<td>Tests passed/Failed/Skipped:</td><td>2/1/0</td>
</tr><tr>
<td>Started on:</td><td>Tue Jan 30 21:11:43 IST 2018</td>
</tr>
<tr><td>Total time:</td><td>27 seconds (27252 ms)</td>
</tr><tr>
<td>Included groups:</td><td></td>
</tr><tr>
<td>Excluded groups:</td><td></td>
</tr>
</table><p/>
<small><i>(Hover the method name to see the test class name)</i></small><p/>
<table width='100%' border='1' class='invocation-failed'>
<tr><td colspan='4' align='center'><b>FAILED TESTS</b></td></tr>
<tr><td><b>Test method</b></td>
<td width="30%"><b>Exception</b></td>
<td width="10%"><b>Time (seconds)</b></td>
<td><b>Instance</b></td>
</tr>
<tr>
<td title='co.bytemark.test.orders.OrdersRegressionCases.orderItemWithSavedCard()'><b>orderItemWithSavedCard</b><br>Test class: co.bytemark.test.orders.OrdersRegressionCases<br>Parameters: 0, FailedOrderWithSavedCard2.0App, 2.0app Order Test Data</td>
<td><div><pre>java.lang.AssertionError: expected [This credit card is invalid or was not found.  Please supply valid user_uuid along with credit_card_uuid and private_key, or credit_card identifiers and try ag] but found [This credit card is invalid or was not found.  Please supply valid user_uuid along with credit_card_uuid and private_key, or credit_card identifiers and try again.]
	at co.bytemark.helper.Then.assertEquals(Then.java:48)
	at co.bytemark.test.orders.OrdersRegressionCases.orderItemWithSavedCard(OrdersRegressionCases.java:55)
... Removed 28 stack frames</pre></div><a href='#' onClick='toggleBox("stack-trace1332150216", this, "Click to show all stack frames", "Click to hide stack frames")'>Click to show all stack frames</a>
<div class='stack-trace' id='stack-trace1332150216'><pre>java.lang.AssertionError: expected [This credit card is invalid or was not found.  Please supply valid user_uuid along with credit_card_uuid and private_key, or credit_card identifiers and try ag] but found [This credit card is invalid or was not found.  Please supply valid user_uuid along with credit_card_uuid and private_key, or credit_card identifiers and try again.]
	at org.testng.Assert.fail(Assert.java:94)
	at org.testng.Assert.failNotEquals(Assert.java:494)
	at org.testng.Assert.assertEquals(Assert.java:123)
	at org.testng.Assert.assertEquals(Assert.java:165)
	at co.bytemark.helper.Then.assertEquals(Then.java:48)
	at co.bytemark.test.orders.OrdersRegressionCases.orderItemWithSavedCard(OrdersRegressionCases.java:55)
	at sun.reflect.NativeMethodAccessorImpl.invoke0(Native Method)
	at sun.reflect.NativeMethodAccessorImpl.invoke(NativeMethodAccessorImpl.java:62)
	at sun.reflect.DelegatingMethodAccessorImpl.invoke(DelegatingMethodAccessorImpl.java:43)
	at java.lang.reflect.Method.invoke(Method.java:498)
	at org.testng.internal.MethodInvocationHelper.invokeMethod(MethodInvocationHelper.java:80)
	at org.testng.internal.Invoker.invokeMethod(Invoker.java:714)
	at org.testng.internal.Invoker.invokeTestMethod(Invoker.java:901)
	at org.testng.internal.Invoker.invokeTestMethods(Invoker.java:1231)
	at org.testng.internal.TestMethodWorker.invokeTestMethods(TestMethodWorker.java:127)
	at org.testng.internal.TestMethodWorker.run(TestMethodWorker.java:111)
	at org.testng.TestRunner.privateRun(TestRunner.java:767)
	at org.testng.TestRunner.run(TestRunner.java:617)
	at org.testng.SuiteRunner.runTest(SuiteRunner.java:334)
	at org.testng.SuiteRunner.runSequentially(SuiteRunner.java:329)
	at org.testng.SuiteRunner.privateRun(SuiteRunner.java:291)
	at org.testng.SuiteRunner.run(SuiteRunner.java:240)
	at org.testng.SuiteRunnerWorker.runSuite(SuiteRunnerWorker.java:52)
	at org.testng.SuiteRunnerWorker.run(SuiteRunnerWorker.java:86)
	at org.testng.TestNG.runSuitesSequentially(TestNG.java:1198)
	at org.testng.TestNG.runSuitesLocally(TestNG.java:1123)
	at org.testng.TestNG.run(TestNG.java:1031)
	at org.testng.remote.AbstractRemoteTestNG.run(AbstractRemoteTestNG.java:132)
	at org.testng.remote.RemoteTestNG.initAndRun(RemoteTestNG.java:230)
	at org.testng.remote.RemoteTestNG.main(RemoteTestNG.java:76)
</pre></div></td>
<td>1</td>
<td>co.bytemark.test.orders.OrdersRegressionCases@7085bdee</td></tr>
</table><p>
<table width='100%' border='1' class='invocation-passed'>
<tr><td colspan='4' align='center'><b>PASSED TESTS</b></td></tr>
<tr><td><b>Test method</b></td>
<td width="30%"><b>Exception</b></td>
<td width="10%"><b>Time (seconds)</b></td>
<td><b>Instance</b></td>
</tr>
<tr>
<td title='co.bytemark.test.orders.OrdersRegressionCases.orderItemWithSavedCard()'><b>orderItemWithSavedCard</b><br>Test class: co.bytemark.test.orders.OrdersRegressionCases<br>Parameters: 1, MultipleOrderItemWithSavedCard2.0App, 2.0app Order Test Data</td>
<td></td>
<td>14</td>
<td>co.bytemark.test.orders.OrdersRegressionCases@7085bdee</td></tr>
<tr>
<td title='co.bytemark.test.orders.OrdersRegressionCases.orderItemWithSavedCard()'><b>orderItemWithSavedCard</b><br>Test class: co.bytemark.test.orders.OrdersRegressionCases<br>Parameters: 2, OneOrderItemWithSavedCard2.0App, 2.0app Order Test Data</td>
<td></td>
<td>11</td>
<td>co.bytemark.test.orders.OrdersRegressionCases@7085bdee</td></tr>
</table><p>
</body>
</html>